Added Component: Designator=Q3(CSD19534Q5A)
Add component (AddParameter): Name = "Availability"; Value = "Good"; VariantName = "[No Variations]"
Add component (AddParameter): Name = "DigiKey-Purchase-URL"; Value = "https://snapeda.com/shop?store=DigiKey&id=485742"; VariantName = "[No Variations]"
Add component (AddParameter): Name = "MF"; Value = "Texas Instruments"; VariantName = "[No Variations]"
Add component (AddParameter): Name = "Mouser-Purchase-URL"; Value = "https://snapeda.com/shop?store=Mouser&id=485742"; VariantName = "[No Variations]"
Add component (AddParameter): Name = "MP"; Value = "CSD19534Q5A"; VariantName = "[No Variations]"
Add component (AddParameter): Name = "Package"; Value = "VSONP-8 Texas Instruments"; VariantName = "[No Variations]"
Add component (AddParameter): Name = "Price"; Value = "None"; VariantName = "[No Variations]"
Add component (AddParameter): Name = "SnapEDA_Link"; Value = "https://www.snapeda.com/parts/CSD19534Q5A/Texas%20Instruments/view-part/485742/?ref=snap"; VariantName = "[No Variations]"
Add component (AddParameter): Name = "Supplier 1"; Value = "Arrow Electronics"; VariantName = "[No Variations]"
Add component (AddParameter): Name = "Supplier Part Number 1"; Value = "CSD19534Q5A"; VariantName = "[No Variations]"
Add component (AddParameter): Name = "Texas_Instruments-Purchase-URL"; Value = "https://snapeda.com/shop?store=Texas+Instruments&id=485742"; VariantName = "[No Variations]"
Add component (AddParameter): Name = "Value"; Value = ""; VariantName = "[No Variations]"
Added Component: Designator=Q6(CSD19534Q5A)
Add component (AddParameter): Name = "Availability"; Value = "Good"; VariantName = "[No Variations]"
Add component (AddParameter): Name = "DigiKey-Purchase-URL"; Value = "https://snapeda.com/shop?store=DigiKey&id=485742"; VariantName = "[No Variations]"
Add component (AddParameter): Name = "MF"; Value = "Texas Instruments"; VariantName = "[No Variations]"
Add component (AddParameter): Name = "Mouser-Purchase-URL"; Value = "https://snapeda.com/shop?store=Mouser&id=485742"; VariantName = "[No Variations]"
Add component (AddParameter): Name = "MP"; Value = "CSD19534Q5A"; VariantName = "[No Variations]"
Add component (AddParameter): Name = "Package"; Value = "VSONP-8 Texas Instruments"; VariantName = "[No Variations]"
Add component (AddParameter): Name = "Price"; Value = "None"; VariantName = "[No Variations]"
Add component (AddParameter): Name = "SnapEDA_Link"; Value = "https://www.snapeda.com/parts/CSD19534Q5A/Texas%20Instruments/view-part/485742/?ref=snap"; VariantName = "[No Variations]"
Add component (AddParameter): Name = "Supplier 1"; Value = "Arrow Electronics"; VariantName = "[No Variations]"
Add component (AddParameter): Name = "Supplier Part Number 1"; Value = "CSD19534Q5A"; VariantName = "[No Variations]"
Add component (AddParameter): Name = "Texas_Instruments-Purchase-URL"; Value = "https://snapeda.com/shop?store=Texas+Instruments&id=485742"; VariantName = "[No Variations]"
Add component (AddParameter): Name = "Value"; Value = ""; VariantName = "[No Variations]"
Added Component: Designator=U10(LQFP-48N)
Add component (AddParameter): Name = "Availability"; Value = "Unavailable"; VariantName = "[No Variations]"
Add component (AddParameter): Name = "MF"; Value = ""; VariantName = "[No Variations]"
Add component (AddParameter): Name = "MP"; Value = "W5500"; VariantName = "[No Variations]"
Add component (AddParameter): Name = "Package"; Value = "None"; VariantName = "[No Variations]"
Add component (AddParameter): Name = "Price"; Value = "None"; VariantName = "[No Variations]"
Add component (AddParameter): Name = "Value"; Value = ""; VariantName = "[No Variations]"
Added Pin To Net: NetName=+12V Pin=Q3-1
Added Pin To Net: NetName=+12V Pin=Q3-2
Added Pin To Net: NetName=+12V Pin=Q3-3
Added Pin To Net: NetName=NetD4_2 Pin=Q3-4
Added Pin To Net: NetName=NetD5_1 Pin=Q3-5
Added Pin To Net: NetName=+12V Pin=Q6-1
Added Pin To Net: NetName=+12V Pin=Q6-2
Added Pin To Net: NetName=+12V Pin=Q6-3
Added Pin To Net: NetName=NetD5_2 Pin=Q6-4
Added Pin To Net: NetName=NetC20_1 Pin=Q6-5
Added Pin To Net: NetName=NetD12_2 Pin=U10-1
Added Pin To Net: NetName=NetD12_1 Pin=U10-2
Added Pin To Net: NetName=AGND Pin=U10-3
Added Pin To Net: NetName=AVDD Pin=U10-4
Added Pin To Net: NetName=NetD13_2 Pin=U10-5
Added Pin To Net: NetName=NetD13_1 Pin=U10-6
Added Pin To Net: NetName=AVDD Pin=U10-8
Added Pin To Net: NetName=AGND Pin=U10-9
Added Pin To Net: NetName=NetR56_2 Pin=U10-10
Added Pin To Net: NetName=AVDD Pin=U10-11
Added Pin To Net: NetName=AGND Pin=U10-14
Added Pin To Net: NetName=AVDD Pin=U10-15
Added Pin To Net: NetName=AGND Pin=U10-16
Added Pin To Net: NetName=AVDD Pin=U10-17
Added Pin To Net: NetName=AGND Pin=U10-19
Added Pin To Net: NetName=NetC53_2 Pin=U10-20
Added Pin To Net: NetName=AVDD Pin=U10-21
Added Pin To Net: NetName=NetC54_1 Pin=U10-22
Added Pin To Net: NetName=LNK_K Pin=U10-25
Added Pin To Net: NetName=ACT_K Pin=U10-27
Added Pin To Net: NetName=PHY_+3.3V Pin=U10-28
Added Pin To Net: NetName=+12V Pin=U10-29
Added Pin To Net: NetName=XI Pin=U10-30
Added Pin To Net: NetName=XO Pin=U10-31
Added Pin To Net: NetName=NetR47_1 Pin=U10-32
Added Pin To Net: NetName=NetR46_1 Pin=U10-33
Added Pin To Net: NetName=NetR45_1 Pin=U10-34
Added Pin To Net: NetName=NetR41_1 Pin=U10-35
Added Pin To Net: NetName=NetR39_1 Pin=U10-36
Added Pin To Net: NetName=NetR38_1 Pin=U10-37
Added Pin To Net: NetName=NetR51_1 Pin=U10-43
Added Pin To Net: NetName=NetR50_1 Pin=U10-44
Added Pin To Net: NetName=NetR49_1 Pin=U10-45
Added Pin To Net: NetName=AGND Pin=U10-48
Added Member To Class: ClassName=Power over Ethernet Member=Component Q3 CSD19534Q5A
Added Member To Class: ClassName=Power over Ethernet Member=Component Q6 CSD19534Q5A
Added Member To Class: ClassName=Ethernet PHY Member=Component U10 W5500
