*PADS-PCB*
*PART*
C1     CAP 0805_2012
C2     CAP 0805_2012
C3     CAP 0805_2012
C4     CAP 0805_2012
C5     CAP 1206_3216 - 0.8MM
C6     CAP 0805_2012
C7     CAP 0805_2012
C8     CAP 0805_2012
C9     CAP 1206_3216 - 0.8MM
C10    CAP 1206_3216 - 0.8MM
C11    FP-FKE-MFG
C12    CAP 1210_3225 - 1MM
C13    CAP 1210_3225 - 1MM
C14    CAP 1206_3216 - 0.8MM
C15    CAP_EEEFC1E101P
C16    CAP 1210_3225 - 2.8MM
C17    CAP 1210_3225 - 2.8MM
C18    CAP 0805_2012
C19    CAP 0603_1608
C20    CAP 1210_3225 - 1MM
C21    CAP 0603_1608
C22    CAP 0603_1608
C23    CAP 0603_1608
C24    CAP 0805_2012
C25    CAP 0805_2012
C26    CAP 0805_2012
C27    CAP 0603_1608
C28    CAP 0805_2012
C29    CAP 0805_2012
C30    CAP 1206_3216 - 0.8MM
C31    CAP 1206_3216 - 0.8MM
C32    CAP 0603_1608
C33    CAP 0805_2012
C34    CAP 0805_2012
C35    CAP 1206_3216 - 0.8MM
C36    CAP 1206_3216 - 0.8MM
C37    MURATA GRM188 0603_1608
C38    CAP 0603_1608
C39    CAP 0603_1608
C40    CAP 0603_1608
C41    CAP 0603_1608
C42    CAP 0603_1608
C43    CAP 0603_1608
C44    CAP 0603_1608
C45    CAP 0603_1608
C46    CAP 0603_1608
C47    CAP 0603_1608
C48    CAP 0603_1608
C49    CAP 0603_1608
C50    CAP 0603_1608
C51    CAP POL 1411_3528
C52    CAP 0603_1608
C53    CAP 0603_1608
C54    CAP 0805_2012
C55    CAP 0805_2012
C56    CAP POL 1411_3528
C57    CAP 0805_2012
C58    CAP 0805_2012
C59    CAP 0603_1608
C60    CAP POL 1411_3528
C61    CAP 0805_2012
C62    CAP 0805_2012
C63    CAP 0603_1608
C64    CAP 0805_2012
C65    CAP 1206_3216 - 0.8MM
D1     FP-SOT23-MFG
D2     FP-SOT23-MFG
D3     DO214AA SMB
D4     ONSC-SOD-123-2-425-04_V
D5     ONSC-SOD-123-2-425-04_V
D6     SOD-123
D7     ONSC-SOD-123-2-425-04_V
D8     SOD-123
D9     ONSC-SOD-123-2-425-04_V
D10    ONSC-SOD-123-2-425-04_V
D11    SOT96P240X115-3N
D12    TVS_GG0402_KAV
D13    TVS_GG0402_KAV
D14    SOD-523
D15    SOD-523
D16    FP-SOT-666-MFG
D17    SOD-523
D18    SOD-523
J1     MTJ88ARX1FSMPGLG
J2     FP-DX07S016JA1R1500-MFG
J3     JST B4B-PH-K
J4     JST B4B-PH-K
J5     JST B4B-PH-K
J6     JST B4B-PH-K
L1     FP-P0351NLT-MFG
L2     MSS5131332MLC
L3     INDPM120120X805N
L4     FP-LPS6235-MFG
L5     INDPM7676X435N
L6     INDPM7676X435N
L7     FP-BLM21-0_2-t0_85-e0_5-d-IPC_A
L8     FP-BLM21-0_2-t0_85-e0_5-d-IPC_A
L9     FP-BLM21-0_2-t0_85-e0_5-d-IPC_A
Q1     FDMC_2523P_ONS
Q2     SOIC127P600X175-8N
Q3     TRANS_CSD19534Q5A
Q4     FCX493TA_DIO
Q5     FCX493TA_DIO
Q6     TRANS_CSD19534Q5A
Q7     FP-S-03946-MFG
Q8     ONSC-SOT-23-3-318-08_V
Q9     ONSC-SOT-363-6-419B-02_V
R1     RES 0805_2012
R2     RES 0805_2012
R3     RES 0805_2012
R4     RES 0805_2012
R5     RES 0805_2012
R6     RES 1206_3216
R7     RES 0603_1608
R8     RES 0603_1608
R9     RES 0603_1608
R10    RES 1206_3216
R11    RES 1210_3225
R12    RES 0603_1608
R13    RES 0603_1608
R14    RES 0603_1608
R15    RES 0603_1608
R16    RES 0603_1608
R17    RES 0603_1608
R18    RES 0603_1608
R19    RES 0603_1608
R20    RES 0603_1608
R21    RES 0603_1608
R22    RES 0603_1608
R23    RES 0603_1608
R24    YAGEO RES 0603_1608
R25    YAGEO RES 0603_1608
R26    RES 0603_1608
R27    RES 0603_1608
R28    KOA RES RK73 RN73 0603_1608
R29    RES 0603_1608
R30    RES 0603_1608
R31    RES 0603_1608
R32    RES 0603_1608
R33    RES 0603_1608
R34    RES 0603_1608
R35    RES 0603_1608
R36    RES 0603_1608
R37    RES 0603_1608
R38    RES 0603_1608
R39    RES 0603_1608
R40    RES 0603_1608
R41    RES 0603_1608
R42    RES 0603_1608
R43    RES 0603_1608
R44    RES 0603_1608
R45    RES 0603_1608
R46    RES 0603_1608
R47    RES 0603_1608
R48    RESNET 0804-8 CONVEX
R49    RES 0603_1608
R50    RES 0603_1608
R51    RES 0603_1608
R52    RES 0603_1608
R53    RES 0603_1608
R54    RES 0603_1608
R55    RES 0603_1608
R56    RES 0603_1608
R57    RES 0603_1608
R58    RES 0603_1608
R59    RES 0603_1608
R60    RES 0603_1608
R61    RES 0603_1608
R62    RES 0603_1608
R63    RES 0603_1608
R64    RES 0603_1608
R65    RES 0603_1608
R66    RES 0603_1608
R67    RES 0603_1608
R68    RES 0603_1608
R69    RES 0603_1608
R70    RES 0603_1608
S1     TE FSM4JSMA
S2     TE FSM4JSMA
T1     PA4065NL
U1     FP-HX1188NLT-MFG
U2     FP-DBV0005A-IPC_A
U3     PD70224ILQTR
U4     SOIC127P680X239-4N
U5     PWP0020D_M
U6     DBV0005A_N
U7     SOP254P675X300-4N
U8     TI SOT-23-6 DDC
U9     TI SOT-23-6 DDC
U10    QFP50P900X900X160-48N
U11    ESP32-C6-WROOM-1U
U12    FP-CP2102N-A02-GQFN28R-MFG
Y1     NDK NX2520SA
*END*
